<?xml version="1.0" encoding="UTF-8"?>
<testsuite xmlns:xsi="http://www.w3.org/2001/XMLSchema-instance" xsi:noNamespaceSchemaLocation="https://maven.apache.org/surefire/maven-surefire-plugin/xsd/surefire-test-report-3.0.xsd" version="3.0" name="br.edu.infnet.erickfilho.ErickfilhoApplicationTests" time="2.757" tests="3" errors="0" skipped="0" failures="0">
  <properties>
[...]
</properties>
  <testcase name="professorNaoMestre" classname="br.edu.infnet.erickfilho.ErickfilhoApplicationTests" time="1.087">
    <system-out><![CDATA[19:31:57.844 [main] INFO org.springframework.test.context.support.AnnotationConfigContextLoaderUtils -- Could not detect default configuration classes for test class [br.edu.infnet.erickfilho.ErickfilhoApplicationTests]: ErickfilhoApplicationTests does not declare any static, non-private, non-final, nested classes annotated with @Configuration.
19:31:57.971 [main] INFO org.springframework.boot.test.context.SpringBootTestContextBootstrapper -- Found @SpringBootConfiguration br.edu.infnet.erickfilho.ErickfilhoApplication for test class br.edu.infnet.erickfilho.ErickfilhoApplicationTests

  .   ____          _            __ _ _
 /\\ / ___'_ __ _ _(_)_ __  __ _ \ \ \ \
( ( )\___ | '_ | '_| | '_ \/ _` | \ \ \ \
 \\/  ___)| |_)| | | | | || (_| |  ) ) ) )
  '  |____| .__|_| |_|_| |_\__, | / / / /
 =========|_|==============|___/=/_/_/_/
 :: Spring Boot ::                (v3.2.4)

2024-03-31T19:31:58.572-03:00  INFO 21684 --- [erickfilho] [           main] b.e.i.e.ErickfilhoApplicationTests       : Starting ErickfilhoApplicationTests using Java 22 with PID 21684 (started by Erick in C:\Users\Erick\Documents\infnet-java\erickfilho)
2024-03-31T19:31:58.574-03:00  INFO 21684 --- [erickfilho] [           main] b.e.i.e.ErickfilhoApplicationTests       : No active profile set, falling back to 1 default profile: "default"
2024-03-31T19:31:59.240-03:00  INFO 21684 --- [erickfilho] [           main] b.e.i.e.ErickfilhoApplicationTests       : Started ErickfilhoApplicationTests in 1.084 seconds (process running for 2.458)
Professor Erick Filho foi cadastrado com sucesso!
O salário do professor é: R$6000.0
Professor Guilherme Porto foi cadastrado com sucesso!
O salário do professor é: R$3500.0
]]></system-out>
    <system-err><![CDATA[WARNING: A Java agent has been loaded dynamically (C:\Users\Erick\.m2\repository\net\bytebuddy\byte-buddy-agent\1.14.12\byte-buddy-agent-1.14.12.jar)
WARNING: If a serviceability tool is in use, please run with -XX:+EnableDynamicAgentLoading to hide this warning
WARNING: If a serviceability tool is not in use, please run with -Djdk.instrument.traceUsage for more information
WARNING: Dynamic loading of agents will be disallowed by default in a future release
]]></system-err>
  </testcase>
  <testcase name="professorMestre" classname="br.edu.infnet.erickfilho.ErickfilhoApplicationTests" time="0.003"/>
  <testcase name="recuperarDados" classname="br.edu.infnet.erickfilho.ErickfilhoApplicationTests" time="0.003"/>
</testsuite>